<?xml version="1.0" encoding="UTF-8"?>
<testsuites>
  <testsuite name="C:\xampp\htdocs\phantom_smoking\phantomsmoking\phpunit.xml" tests="75" assertions="98" errors="0" failures="0" skipped="0" time="0.015376">
    <testsuite name="Unit" tests="75" assertions="98" errors="0" failures="0" skipped="0" time="0.015376">
      <testsuite name="Tests\Unit\FormattersTest" file="C:\xampp\htdocs\phantom_smoking\phantomsmoking\tests\Unit\FormattersTest.php" tests="15" assertions="16" errors="0" failures="0" skipped="0" time="0.006024">
        <testcase name="formatDateReturnsFormattedDate" file="C:\xampp\htdocs\phantom_smoking\phantomsmoking\tests\Unit\FormattersTest.php" line="13" class="Tests\Unit\FormattersTest" classname="Tests.Unit.FormattersTest" assertions="1" time="0.004207"/>
        <testcase name="formatDatetimeReturnsReadableFormat" file="C:\xampp\htdocs\phantom_smoking\phantomsmoking\tests\Unit\FormattersTest.php" line="20" class="Tests\Unit\FormattersTest" classname="Tests.Unit.FormattersTest" assertions="2" time="0.000442"/>
        <testcase name="formatOrderNumberStartsWithSS" file="C:\xampp\htdocs\phantom_smoking\phantomsmoking\tests\Unit\FormattersTest.php" line="28" class="Tests\Unit\FormattersTest" classname="Tests.Unit.FormattersTest" assertions="1" time="0.000282"/>
        <testcase name="formatOrderNumberHasCorrectStructure" file="C:\xampp\htdocs\phantom_smoking\phantomsmoking\tests\Unit\FormattersTest.php" line="35" class="Tests\Unit\FormattersTest" classname="Tests.Unit.FormattersTest" assertions="1" time="0.000271"/>
        <testcase name="formatOrderNumberIsDateBased" file="C:\xampp\htdocs\phantom_smoking\phantomsmoking\tests\Unit\FormattersTest.php" line="42" class="Tests\Unit\FormattersTest" classname="Tests.Unit.FormattersTest" assertions="1" time="0.000090"/>
        <testcase name="formatPhoneNormalisesLocalNumber" file="C:\xampp\htdocs\phantom_smoking\phantomsmoking\tests\Unit\FormattersTest.php" line="50" class="Tests\Unit\FormattersTest" classname="Tests.Unit.FormattersTest" assertions="1" time="0.000094"/>
        <testcase name="formatPhoneLeavesInternationalNumberIntact" file="C:\xampp\htdocs\phantom_smoking\phantomsmoking\tests\Unit\FormattersTest.php" line="56" class="Tests\Unit\FormattersTest" classname="Tests.Unit.FormattersTest" assertions="1" time="0.000086"/>
        <testcase name="formatWeightShowsGrams" file="C:\xampp\htdocs\phantom_smoking\phantomsmoking\tests\Unit\FormattersTest.php" line="62" class="Tests\Unit\FormattersTest" classname="Tests.Unit.FormattersTest" assertions="1" time="0.000068"/>
        <testcase name="formatWeightShowsKilograms" file="C:\xampp\htdocs\phantom_smoking\phantomsmoking\tests\Unit\FormattersTest.php" line="68" class="Tests\Unit\FormattersTest" classname="Tests.Unit.FormattersTest" assertions="1" time="0.000074"/>
        <testcase name="formatWeightExactlyOneKg" file="C:\xampp\htdocs\phantom_smoking\phantomsmoking\tests\Unit\FormattersTest.php" line="74" class="Tests\Unit\FormattersTest" classname="Tests.Unit.FormattersTest" assertions="1" time="0.000068"/>
        <testcase name="paymentLabelCod" file="C:\xampp\htdocs\phantom_smoking\phantomsmoking\tests\Unit\FormattersTest.php" line="80" class="Tests\Unit\FormattersTest" classname="Tests.Unit.FormattersTest" assertions="1" time="0.000064"/>
        <testcase name="paymentLabelTabby" file="C:\xampp\htdocs\phantom_smoking\phantomsmoking\tests\Unit\FormattersTest.php" line="86" class="Tests\Unit\FormattersTest" classname="Tests.Unit.FormattersTest" assertions="1" time="0.000063"/>
        <testcase name="paymentLabelTamara" file="C:\xampp\htdocs\phantom_smoking\phantomsmoking\tests\Unit\FormattersTest.php" line="92" class="Tests\Unit\FormattersTest" classname="Tests.Unit.FormattersTest" assertions="1" time="0.000073"/>
        <testcase name="paymentLabelTelr" file="C:\xampp\htdocs\phantom_smoking\phantomsmoking\tests\Unit\FormattersTest.php" line="98" class="Tests\Unit\FormattersTest" classname="Tests.Unit.FormattersTest" assertions="1" time="0.000072"/>
        <testcase name="paymentLabelDefaultFallback" file="C:\xampp\htdocs\phantom_smoking\phantomsmoking\tests\Unit\FormattersTest.php" line="104" class="Tests\Unit\FormattersTest" classname="Tests.Unit.FormattersTest" assertions="1" time="0.000071"/>
      </testsuite>
      <testsuite name="Tests\Unit\HelpersTest" file="C:\xampp\htdocs\phantom_smoking\phantomsmoking\tests\Unit\HelpersTest.php" tests="25" assertions="27" errors="0" failures="0" skipped="0" time="0.003297">
        <testcase name="slugifyConvertsSpacesToDashes" file="C:\xampp\htdocs\phantom_smoking\phantomsmoking\tests\Unit\HelpersTest.php" line="16" class="Tests\Unit\HelpersTest" classname="Tests.Unit.HelpersTest" assertions="1" time="0.000118"/>
        <testcase name="slugifyRemovesSpecialCharacters" file="C:\xampp\htdocs\phantom_smoking\phantomsmoking\tests\Unit\HelpersTest.php" line="22" class="Tests\Unit\HelpersTest" classname="Tests.Unit.HelpersTest" assertions="1" time="0.000072"/>
        <testcase name="slugifyLowercasesInput" file="C:\xampp\htdocs\phantom_smoking\phantomsmoking\tests\Unit\HelpersTest.php" line="28" class="Tests\Unit\HelpersTest" classname="Tests.Unit.HelpersTest" assertions="1" time="0.000066"/>
        <testcase name="slugifyHandlesMultipleDashes" file="C:\xampp\htdocs\phantom_smoking\phantomsmoking\tests\Unit\HelpersTest.php" line="34" class="Tests\Unit\HelpersTest" classname="Tests.Unit.HelpersTest" assertions="1" time="0.000067"/>
        <testcase name="slugifyTrimsLeadingAndTrailingDashes" file="C:\xampp\htdocs\phantom_smoking\phantomsmoking\tests\Unit\HelpersTest.php" line="40" class="Tests\Unit\HelpersTest" classname="Tests.Unit.HelpersTest" assertions="1" time="0.000071"/>
        <testcase name="formatPriceFormatsWithDefaultCurrency" file="C:\xampp\htdocs\phantom_smoking\phantomsmoking\tests\Unit\HelpersTest.php" line="48" class="Tests\Unit\HelpersTest" classname="Tests.Unit.HelpersTest" assertions="1" time="0.000073"/>
        <testcase name="formatPriceFormatsWithCustomCurrency" file="C:\xampp\htdocs\phantom_smoking\phantomsmoking\tests\Unit\HelpersTest.php" line="54" class="Tests\Unit\HelpersTest" classname="Tests.Unit.HelpersTest" assertions="1" time="0.000071"/>
        <testcase name="formatPriceRoundsToTwoDecimals" file="C:\xampp\htdocs\phantom_smoking\phantomsmoking\tests\Unit\HelpersTest.php" line="60" class="Tests\Unit\HelpersTest" classname="Tests.Unit.HelpersTest" assertions="1" time="0.000068"/>
        <testcase name="formatPriceHandlesLargeAmounts" file="C:\xampp\htdocs\phantom_smoking\phantomsmoking\tests\Unit\HelpersTest.php" line="66" class="Tests\Unit\HelpersTest" classname="Tests.Unit.HelpersTest" assertions="1" time="0.000068"/>
        <testcase name="truncateDoesNothingForShortText" file="C:\xampp\htdocs\phantom_smoking\phantomsmoking\tests\Unit\HelpersTest.php" line="75" class="Tests\Unit\HelpersTest" classname="Tests.Unit.HelpersTest" assertions="1" time="0.000074"/>
        <testcase name="truncateAddsEllipsisForLongText" file="C:\xampp\htdocs\phantom_smoking\phantomsmoking\tests\Unit\HelpersTest.php" line="81" class="Tests\Unit\HelpersTest" classname="Tests.Unit.HelpersTest" assertions="1" time="0.000071"/>
        <testcase name="truncateUsesCustomSuffix" file="C:\xampp\htdocs\phantom_smoking\phantomsmoking\tests\Unit\HelpersTest.php" line="88" class="Tests\Unit\HelpersTest" classname="Tests.Unit.HelpersTest" assertions="1" time="0.000078"/>
        <testcase name="generateTokenReturnsCorrectLength" file="C:\xampp\htdocs\phantom_smoking\phantomsmoking\tests\Unit\HelpersTest.php" line="97" class="Tests\Unit\HelpersTest" classname="Tests.Unit.HelpersTest" assertions="1" time="0.000080"/>
        <testcase name="generateTokenIsHexadecimal" file="C:\xampp\htdocs\phantom_smoking\phantomsmoking\tests\Unit\HelpersTest.php" line="104" class="Tests\Unit\HelpersTest" classname="Tests.Unit.HelpersTest" assertions="1" time="0.000089"/>
        <testcase name="generateTokenIsUnique" file="C:\xampp\htdocs\phantom_smoking\phantomsmoking\tests\Unit\HelpersTest.php" line="111" class="Tests\Unit\HelpersTest" classname="Tests.Unit.HelpersTest" assertions="1" time="0.000862"/>
        <testcase name="escapeEscapesHtmlEntities" file="C:\xampp\htdocs\phantom_smoking\phantomsmoking\tests\Unit\HelpersTest.php" line="119" class="Tests\Unit\HelpersTest" classname="Tests.Unit.HelpersTest" assertions="1" time="0.000675"/>
        <testcase name="escapeHandlesQuotes" file="C:\xampp\htdocs\phantom_smoking\phantomsmoking\tests\Unit\HelpersTest.php" line="125" class="Tests\Unit\HelpersTest" classname="Tests.Unit.HelpersTest" assertions="3" time="0.000114"/>
        <testcase name="escapeHandlesNullInput" file="C:\xampp\htdocs\phantom_smoking\phantomsmoking\tests\Unit\HelpersTest.php" line="135" class="Tests\Unit\HelpersTest" classname="Tests.Unit.HelpersTest" assertions="1" time="0.000070"/>
        <testcase name="formatPhoneConvertsLocalToInternational" file="C:\xampp\htdocs\phantom_smoking\phantomsmoking\tests\Unit\HelpersTest.php" line="143" class="Tests\Unit\HelpersTest" classname="Tests.Unit.HelpersTest" assertions="1" time="0.000073"/>
        <testcase name="formatPhonePreservesInternationalFormat" file="C:\xampp\htdocs\phantom_smoking\phantomsmoking\tests\Unit\HelpersTest.php" line="149" class="Tests\Unit\HelpersTest" classname="Tests.Unit.HelpersTest" assertions="1" time="0.000071"/>
        <testcase name="formatWeightDisplaysGramsForSmallValues" file="C:\xampp\htdocs\phantom_smoking\phantomsmoking\tests\Unit\HelpersTest.php" line="157" class="Tests\Unit\HelpersTest" classname="Tests.Unit.HelpersTest" assertions="1" time="0.000071"/>
        <testcase name="formatWeightConvertsToKgForLargeValues" file="C:\xampp\htdocs\phantom_smoking\phantomsmoking\tests\Unit\HelpersTest.php" line="163" class="Tests\Unit\HelpersTest" classname="Tests.Unit.HelpersTest" assertions="1" time="0.000072"/>
        <testcase name="paymentMethodLabelReturnsCodLabel" file="C:\xampp\htdocs\phantom_smoking\phantomsmoking\tests\Unit\HelpersTest.php" line="171" class="Tests\Unit\HelpersTest" classname="Tests.Unit.HelpersTest" assertions="1" time="0.000077"/>
        <testcase name="paymentMethodLabelReturnsStripeLabel" file="C:\xampp\htdocs\phantom_smoking\phantomsmoking\tests\Unit\HelpersTest.php" line="177" class="Tests\Unit\HelpersTest" classname="Tests.Unit.HelpersTest" assertions="1" time="0.000069"/>
        <testcase name="paymentMethodLabelHandlesUnknownMethod" file="C:\xampp\htdocs\phantom_smoking\phantomsmoking\tests\Unit\HelpersTest.php" line="183" class="Tests\Unit\HelpersTest" classname="Tests.Unit.HelpersTest" assertions="1" time="0.000077"/>
      </testsuite>
      <testsuite name="Tests\Unit\RouterTest" file="C:\xampp\htdocs\phantom_smoking\phantomsmoking\tests\Unit\RouterTest.php" tests="9" assertions="11" errors="0" failures="0" skipped="0" time="0.002605">
        <testcase name="addRouteRegistersRoute" file="C:\xampp\htdocs\phantom_smoking\phantomsmoking\tests\Unit\RouterTest.php" line="21" class="Tests\Unit\RouterTest" classname="Tests.Unit.RouterTest" assertions="0" time="0.000550"/>
        <testcase name="matchReturnsEmptyArrayForRootPattern" file="C:\xampp\htdocs\phantom_smoking\phantomsmoking\tests\Unit\RouterTest.php" line="30" class="Tests\Unit\RouterTest" classname="Tests.Unit.RouterTest" assertions="2" time="0.000676"/>
        <testcase name="matchExtractsNamedParametersFromUri" file="C:\xampp\htdocs\phantom_smoking\phantomsmoking\tests\Unit\RouterTest.php" line="39" class="Tests\Unit\RouterTest" classname="Tests.Unit.RouterTest" assertions="2" time="0.000178"/>
        <testcase name="matchExtractsMultipleParameters" file="C:\xampp\htdocs\phantom_smoking\phantomsmoking\tests\Unit\RouterTest.php" line="48" class="Tests\Unit\RouterTest" classname="Tests.Unit.RouterTest" assertions="2" time="0.000130"/>
        <testcase name="matchReturnsFalseForNonMatchingUri" file="C:\xampp\htdocs\phantom_smoking\phantomsmoking\tests\Unit\RouterTest.php" line="57" class="Tests\Unit\RouterTest" classname="Tests.Unit.RouterTest" assertions="1" time="0.000327"/>
        <testcase name="matchReturnsFalseWhenPatternHasExtraSegments" file="C:\xampp\htdocs\phantom_smoking\phantomsmoking\tests\Unit\RouterTest.php" line="65" class="Tests\Unit\RouterTest" classname="Tests.Unit.RouterTest" assertions="1" time="0.000135"/>
        <testcase name="matchIsExactAndDoesNotMatchSubPaths" file="C:\xampp\htdocs\phantom_smoking\phantomsmoking\tests\Unit\RouterTest.php" line="73" class="Tests\Unit\RouterTest" classname="Tests.Unit.RouterTest" assertions="1" time="0.000091"/>
        <testcase name="dispatchSets404ForUnknownUri" file="C:\xampp\htdocs\phantom_smoking\phantomsmoking\tests\Unit\RouterTest.php" line="81" class="Tests\Unit\RouterTest" classname="Tests.Unit.RouterTest" assertions="1" time="0.000418"/>
        <testcase name="dispatchHandlesOptionsPreflightWithout500" file="C:\xampp\htdocs\phantom_smoking\phantomsmoking\tests\Unit\RouterTest.php" line="90" class="Tests\Unit\RouterTest" classname="Tests.Unit.RouterTest" assertions="1" time="0.000100"/>
      </testsuite>
      <testsuite name="Tests\Unit\SecurityHeadersTest" file="C:\xampp\htdocs\phantom_smoking\phantomsmoking\tests\Unit\SecurityHeadersTest.php" tests="11" assertions="13" errors="0" failures="0" skipped="0" time="0.001351">
        <testcase name="csrfTokenIsHexadecimalString" file="C:\xampp\htdocs\phantom_smoking\phantomsmoking\tests\Unit\SecurityHeadersTest.php" line="19" class="Tests\Unit\SecurityHeadersTest" classname="Tests.Unit.SecurityHeadersTest" assertions="1" time="0.000123"/>
        <testcase name="twoCsrfTokensAreNotEqual" file="C:\xampp\htdocs\phantom_smoking\phantomsmoking\tests\Unit\SecurityHeadersTest.php" line="26" class="Tests\Unit\SecurityHeadersTest" classname="Tests.Unit.SecurityHeadersTest" assertions="1" time="0.000086"/>
        <testcase name="xssScriptTagIsNeutralised" file="C:\xampp\htdocs\phantom_smoking\phantomsmoking\tests\Unit\SecurityHeadersTest.php" line="36" class="Tests\Unit\SecurityHeadersTest" classname="Tests.Unit.SecurityHeadersTest" assertions="2" time="0.000093"/>
        <testcase name="xssEventAttributeIsNeutralised" file="C:\xampp\htdocs\phantom_smoking\phantomsmoking\tests\Unit\SecurityHeadersTest.php" line="45" class="Tests\Unit\SecurityHeadersTest" classname="Tests.Unit.SecurityHeadersTest" assertions="1" time="0.000078"/>
        <testcase name="xssJavascriptProtocolIsNeutralised" file="C:\xampp\htdocs\phantom_smoking\phantomsmoking\tests\Unit\SecurityHeadersTest.php" line="53" class="Tests\Unit\SecurityHeadersTest" classname="Tests.Unit.SecurityHeadersTest" assertions="1" time="0.000079"/>
        <testcase name="sanitizeRemovesSqlInjectionAttempt" file="C:\xampp\htdocs\phantom_smoking\phantomsmoking\tests\Unit\SecurityHeadersTest.php" line="65" class="Tests\Unit\SecurityHeadersTest" classname="Tests.Unit.SecurityHeadersTest" assertions="2" time="0.000089"/>
        <testcase name="sanitizeRemovesNullBytes" file="C:\xampp\htdocs\phantom_smoking\phantomsmoking\tests\Unit\SecurityHeadersTest.php" line="75" class="Tests\Unit\SecurityHeadersTest" classname="Tests.Unit.SecurityHeadersTest" assertions="1" time="0.000072"/>
        <testcase name="sqlInjectionPasswordIsRejectedOnStrength" file="C:\xampp\htdocs\phantom_smoking\phantomsmoking\tests\Unit\SecurityHeadersTest.php" line="87" class="Tests\Unit\SecurityHeadersTest" classname="Tests.Unit.SecurityHeadersTest" assertions="1" time="0.000503"/>
        <testcase name="passwordWith256CharactersIsAccepted" file="C:\xampp\htdocs\phantom_smoking\phantomsmoking\tests\Unit\SecurityHeadersTest.php" line="95" class="Tests\Unit\SecurityHeadersTest" classname="Tests.Unit.SecurityHeadersTest" assertions="1" time="0.000088"/>
        <testcase name="urlHelperProducesAbsoluteUrl" file="C:\xampp\htdocs\phantom_smoking\phantomsmoking\tests\Unit\SecurityHeadersTest.php" line="105" class="Tests\Unit\SecurityHeadersTest" classname="Tests.Unit.SecurityHeadersTest" assertions="1" time="0.000074"/>
        <testcase name="urlHelperHandlesEmptyPath" file="C:\xampp\htdocs\phantom_smoking\phantomsmoking\tests\Unit\SecurityHeadersTest.php" line="113" class="Tests\Unit\SecurityHeadersTest" classname="Tests.Unit.SecurityHeadersTest" assertions="1" time="0.000066"/>
      </testsuite>
      <testsuite name="Tests\Unit\ValidatorsTest" file="C:\xampp\htdocs\phantom_smoking\phantomsmoking\tests\Unit\ValidatorsTest.php" tests="15" assertions="31" errors="0" failures="0" skipped="0" time="0.002099">
        <testcase name="validEmailPassesValidation" file="C:\xampp\htdocs\phantom_smoking\phantomsmoking\tests\Unit\ValidatorsTest.php" line="16" class="Tests\Unit\ValidatorsTest" classname="Tests.Unit.ValidatorsTest" assertions="3" time="0.000669"/>
        <testcase name="invalidEmailFailsValidation" file="C:\xampp\htdocs\phantom_smoking\phantomsmoking\tests\Unit\ValidatorsTest.php" line="24" class="Tests\Unit\ValidatorsTest" classname="Tests.Unit.ValidatorsTest" assertions="6" time="0.000109"/>
        <testcase name="validUAEPhoneNumbersPass" file="C:\xampp\htdocs\phantom_smoking\phantomsmoking\tests\Unit\ValidatorsTest.php" line="37" class="Tests\Unit\ValidatorsTest" classname="Tests.Unit.ValidatorsTest" assertions="4" time="0.000124"/>
        <testcase name="invalidUAEPhoneNumbersFail" file="C:\xampp\htdocs\phantom_smoking\phantomsmoking\tests\Unit\ValidatorsTest.php" line="46" class="Tests\Unit\ValidatorsTest" classname="Tests.Unit.ValidatorsTest" assertions="5" time="0.000090"/>
        <testcase name="strongPasswordHasNoErrors" file="C:\xampp\htdocs\phantom_smoking\phantomsmoking\tests\Unit\ValidatorsTest.php" line="58" class="Tests\Unit\ValidatorsTest" classname="Tests.Unit.ValidatorsTest" assertions="1" time="0.000072"/>
        <testcase name="shortPasswordFails" file="C:\xampp\htdocs\phantom_smoking\phantomsmoking\tests\Unit\ValidatorsTest.php" line="65" class="Tests\Unit\ValidatorsTest" classname="Tests.Unit.ValidatorsTest" assertions="1" time="0.000076"/>
        <testcase name="passwordWithoutUppercaseFails" file="C:\xampp\htdocs\phantom_smoking\phantomsmoking\tests\Unit\ValidatorsTest.php" line="72" class="Tests\Unit\ValidatorsTest" classname="Tests.Unit.ValidatorsTest" assertions="1" time="0.000075"/>
        <testcase name="passwordWithoutNumberFails" file="C:\xampp\htdocs\phantom_smoking\phantomsmoking\tests\Unit\ValidatorsTest.php" line="79" class="Tests\Unit\ValidatorsTest" classname="Tests.Unit.ValidatorsTest" assertions="1" time="0.000076"/>
        <testcase name="completelyWeakPasswordReturnsAllErrors" file="C:\xampp\htdocs\phantom_smoking\phantomsmoking\tests\Unit\ValidatorsTest.php" line="86" class="Tests\Unit\ValidatorsTest" classname="Tests.Unit.ValidatorsTest" assertions="1" time="0.000327"/>
        <testcase name="adultAgePassesValidation" file="C:\xampp\htdocs\phantom_smoking\phantomsmoking\tests\Unit\ValidatorsTest.php" line="95" class="Tests\Unit\ValidatorsTest" classname="Tests.Unit.ValidatorsTest" assertions="1" time="0.000108"/>
        <testcase name="minorAgeFailsValidation" file="C:\xampp\htdocs\phantom_smoking\phantomsmoking\tests\Unit\ValidatorsTest.php" line="102" class="Tests\Unit\ValidatorsTest" classname="Tests.Unit.ValidatorsTest" assertions="1" time="0.000073"/>
        <testcase name="exactlyEighteenPassesValidation" file="C:\xampp\htdocs\phantom_smoking\phantomsmoking\tests\Unit\ValidatorsTest.php" line="109" class="Tests\Unit\ValidatorsTest" classname="Tests.Unit.ValidatorsTest" assertions="1" time="0.000074"/>
        <testcase name="sanitizeStringStripsHtmlTags" file="C:\xampp\htdocs\phantom_smoking\phantomsmoking\tests\Unit\ValidatorsTest.php" line="118" class="Tests\Unit\ValidatorsTest" classname="Tests.Unit.ValidatorsTest" assertions="2" time="0.000079"/>
        <testcase name="sanitizeStringTrimWhitespace" file="C:\xampp\htdocs\phantom_smoking\phantomsmoking\tests\Unit\ValidatorsTest.php" line="125" class="Tests\Unit\ValidatorsTest" classname="Tests.Unit.ValidatorsTest" assertions="1" time="0.000067"/>
        <testcase name="sanitizeStringDeepProcessesArray" file="C:\xampp\htdocs\phantom_smoking\phantomsmoking\tests\Unit\ValidatorsTest.php" line="131" class="Tests\Unit\ValidatorsTest" classname="Tests.Unit.ValidatorsTest" assertions="2" time="0.000079"/>
      </testsuite>
    </testsuite>
  </testsuite>
</testsuites>
